2021-04-26 22:57:42,778 INFO org.springframework.boot.StartupInfoLogger [main] Starting SareetaApplicationTests on heavely6 with PID 3536 (started by tommy in C:\Users\tommy\Documents\.udacity\nd035-c4-Security-and-DevOps\starter_code)
2021-04-26 22:57:42,778 INFO org.springframework.boot.SpringApplication [main] No active profile set, falling back to default profiles: default
2021-04-26 22:57:43,433 INFO org.springframework.data.repository.config.RepositoryConfigurationDelegate [main] Bootstrapping Spring Data repositories in DEFAULT mode.
2021-04-26 22:57:43,543 INFO org.springframework.data.repository.config.RepositoryConfigurationDelegate [main] Finished Spring Data repository scanning in 94ms. Found 4 repository interfaces.
2021-04-26 22:57:44,152 INFO org.springframework.context.support.PostProcessorRegistrationDelegate$BeanPostProcessorChecker [main] Bean 'org.springframework.transaction.annotation.ProxyTransactionManagementConfiguration' of type [org.springframework.transaction.annotation.ProxyTransactionManagementConfiguration$$EnhancerBySpringCGLIB$$c921f699] is not eligible for getting processed by all BeanPostProcessors (for example: not eligible for auto-proxying)
2021-04-26 22:57:44,371 INFO com.zaxxer.hikari.HikariDataSource [main] HikariPool-1 - Starting...
2021-04-26 22:57:44,554 INFO com.zaxxer.hikari.HikariDataSource [main] HikariPool-1 - Start completed.
2021-04-26 22:57:44,648 INFO org.hibernate.jpa.internal.util.LogHelper [main] HHH000204: Processing PersistenceUnitInfo [
	name: default
	...]
2021-04-26 22:57:44,741 INFO org.hibernate.Version [main] HHH000412: Hibernate Core {5.3.10.Final}
2021-04-26 22:57:44,741 INFO org.hibernate.cfg.Environment [main] HHH000206: hibernate.properties not found
2021-04-26 22:57:44,960 INFO org.hibernate.annotations.common.reflection.java.JavaReflectionManager [main] HCANN000001: Hibernate Commons Annotations {5.0.4.Final}
2021-04-26 22:57:45,210 INFO org.hibernate.dialect.Dialect [main] HHH000400: Using dialect: org.hibernate.dialect.H2Dialect
2021-04-26 22:57:46,038 INFO org.springframework.orm.jpa.AbstractEntityManagerFactoryBean [main] Initialized JPA EntityManagerFactory for persistence unit 'default'
2021-04-26 22:57:46,913 WARN org.springframework.boot.autoconfigure.orm.jpa.JpaBaseConfiguration$JpaWebConfiguration$JpaWebMvcConfiguration [main] spring.jpa.open-in-view is enabled by default. Therefore, database queries may be performed during view rendering. Explicitly configure spring.jpa.open-in-view to disable this warning
2021-04-26 22:57:47,054 INFO org.springframework.security.web.DefaultSecurityFilterChain [main] Creating filter chain: any request, [org.springframework.security.web.context.request.async.WebAsyncManagerIntegrationFilter@5f32ab17, org.springframework.security.web.context.SecurityContextPersistenceFilter@6f4f2cc0, org.springframework.security.web.header.HeaderWriterFilter@4dffa400, org.springframework.web.filter.CorsFilter@54530644, org.springframework.security.web.authentication.logout.LogoutFilter@62615be, com.example.demo.security.JWTAuthenticationFilter@42734b71, com.example.demo.security.JWTAuthenticationVerficationFilter@3a45308f, org.springframework.security.web.savedrequest.RequestCacheAwareFilter@441016d6, org.springframework.security.web.servletapi.SecurityContextHolderAwareRequestFilter@6fbcc078, org.springframework.security.web.authentication.AnonymousAuthenticationFilter@70e54ec3, org.springframework.security.web.session.SessionManagementFilter@438c0aaf, org.springframework.security.web.access.ExceptionTranslationFilter@2e057637, org.springframework.security.web.access.intercept.FilterSecurityInterceptor@58ad0586]
2021-04-26 22:57:47,494 INFO org.springframework.scheduling.concurrent.ExecutorConfigurationSupport [main] Initializing ExecutorService 'applicationTaskExecutor'
2021-04-26 22:57:47,838 INFO org.springframework.boot.StartupInfoLogger [main] Started SareetaApplicationTests in 5.507 seconds (JVM running for 6.34)
2021-04-26 22:57:47,978 INFO org.springframework.scheduling.concurrent.ExecutorConfigurationSupport [Thread-2] Shutting down ExecutorService 'applicationTaskExecutor'
2021-04-26 22:57:47,978 INFO org.springframework.orm.jpa.AbstractEntityManagerFactoryBean [Thread-2] Closing JPA EntityManagerFactory for persistence unit 'default'
2021-04-26 22:57:47,978 INFO com.zaxxer.hikari.HikariDataSource [Thread-2] HikariPool-1 - Shutdown initiated...
2021-04-26 22:57:47,978 INFO com.zaxxer.hikari.HikariDataSource [Thread-2] HikariPool-1 - Shutdown completed.
2021-04-26 22:58:06,735 INFO org.springframework.boot.StartupInfoLogger [main] Starting SareetaApplicationTests on heavely6 with PID 4392 (started by tommy in C:\Users\tommy\Documents\.udacity\nd035-c4-Security-and-DevOps\starter_code)
2021-04-26 22:58:06,735 INFO org.springframework.boot.SpringApplication [main] No active profile set, falling back to default profiles: default
2021-04-26 22:58:07,393 INFO org.springframework.data.repository.config.RepositoryConfigurationDelegate [main] Bootstrapping Spring Data repositories in DEFAULT mode.
2021-04-26 22:58:07,503 INFO org.springframework.data.repository.config.RepositoryConfigurationDelegate [main] Finished Spring Data repository scanning in 94ms. Found 4 repository interfaces.
2021-04-26 22:58:08,129 INFO org.springframework.context.support.PostProcessorRegistrationDelegate$BeanPostProcessorChecker [main] Bean 'org.springframework.transaction.annotation.ProxyTransactionManagementConfiguration' of type [org.springframework.transaction.annotation.ProxyTransactionManagementConfiguration$$EnhancerBySpringCGLIB$$3458c6f2] is not eligible for getting processed by all BeanPostProcessors (for example: not eligible for auto-proxying)
2021-04-26 22:58:08,334 INFO com.zaxxer.hikari.HikariDataSource [main] HikariPool-1 - Starting...
2021-04-26 22:58:08,507 INFO com.zaxxer.hikari.HikariDataSource [main] HikariPool-1 - Start completed.
2021-04-26 22:58:08,602 INFO org.hibernate.jpa.internal.util.LogHelper [main] HHH000204: Processing PersistenceUnitInfo [
	name: default
	...]
2021-04-26 22:58:08,711 INFO org.hibernate.Version [main] HHH000412: Hibernate Core {5.3.10.Final}
2021-04-26 22:58:08,711 INFO org.hibernate.cfg.Environment [main] HHH000206: hibernate.properties not found
2021-04-26 22:58:08,883 INFO org.hibernate.annotations.common.reflection.java.JavaReflectionManager [main] HCANN000001: Hibernate Commons Annotations {5.0.4.Final}
2021-04-26 22:58:09,118 INFO org.hibernate.dialect.Dialect [main] HHH000400: Using dialect: org.hibernate.dialect.H2Dialect
2021-04-26 22:58:09,917 INFO org.springframework.orm.jpa.AbstractEntityManagerFactoryBean [main] Initialized JPA EntityManagerFactory for persistence unit 'default'
2021-04-26 22:58:10,714 WARN org.springframework.boot.autoconfigure.orm.jpa.JpaBaseConfiguration$JpaWebConfiguration$JpaWebMvcConfiguration [main] spring.jpa.open-in-view is enabled by default. Therefore, database queries may be performed during view rendering. Explicitly configure spring.jpa.open-in-view to disable this warning
2021-04-26 22:58:10,872 INFO org.springframework.security.web.DefaultSecurityFilterChain [main] Creating filter chain: any request, [org.springframework.security.web.context.request.async.WebAsyncManagerIntegrationFilter@67689c81, org.springframework.security.web.context.SecurityContextPersistenceFilter@683fac7e, org.springframework.security.web.header.HeaderWriterFilter@a97a895, org.springframework.web.filter.CorsFilter@21a0795f, org.springframework.security.web.authentication.logout.LogoutFilter@59aa1d1c, com.example.demo.security.JWTAuthenticationFilter@2ec156fb, com.example.demo.security.JWTAuthenticationVerficationFilter@56d742ad, org.springframework.security.web.savedrequest.RequestCacheAwareFilter@f837c11, org.springframework.security.web.servletapi.SecurityContextHolderAwareRequestFilter@1bbef3c7, org.springframework.security.web.authentication.AnonymousAuthenticationFilter@75784062, org.springframework.security.web.session.SessionManagementFilter@1ef5cde4, org.springframework.security.web.access.ExceptionTranslationFilter@4f98ac31, org.springframework.security.web.access.intercept.FilterSecurityInterceptor@55c341d0]
2021-04-26 22:58:11,279 INFO org.springframework.scheduling.concurrent.ExecutorConfigurationSupport [main] Initializing ExecutorService 'applicationTaskExecutor'
2021-04-26 22:58:11,592 INFO org.springframework.boot.StartupInfoLogger [main] Started SareetaApplicationTests in 5.27 seconds (JVM running for 6.06)
2021-04-26 22:58:11,732 INFO org.springframework.scheduling.concurrent.ExecutorConfigurationSupport [Thread-4] Shutting down ExecutorService 'applicationTaskExecutor'
2021-04-26 22:58:11,732 INFO org.springframework.orm.jpa.AbstractEntityManagerFactoryBean [Thread-4] Closing JPA EntityManagerFactory for persistence unit 'default'
2021-04-26 22:58:11,732 INFO com.zaxxer.hikari.HikariDataSource [Thread-4] HikariPool-1 - Shutdown initiated...
2021-04-26 22:58:11,748 INFO com.zaxxer.hikari.HikariDataSource [Thread-4] HikariPool-1 - Shutdown completed.
